eltex-pg1-v11@eltex-2025-summer-10:12>ssh-keygen -t rsa -b 4096
Generating public/private rsa key pair.
Enter file in which to save the key (/home/eltex-pg1-v11/.ssh/id_rsa): practice2p1key
Enter passphrase (empty for no passphrase):
Enter same passphrase again:
Your identification has been saved in practice2p1key
Your public key has been saved in practice2p1key.pub
The key fingerprint is:
SHA256:EAvl0Lv/CZn+FPWPjsCpKS+8A4evJ6PlREXFMH9xBr0 eltex-pg1-v11@eltex-2025-summer
The key's randomart image is:
+---[RSA 4096]----+
|    oo*+. ooo    |
|     =.=.  +.    |
|      =.. . ..   |
|     ... . .E.   |
|    .. .S .   .  |
|   .o o  + o   o |
|    o= .+ =   . .|
|   +o B..= o o   |
|  ..o=.*=o+ . .  |
+----[SHA256]-----+

eltex-pg1-v11@eltex-2025-summer-10:13>ssh-copy-id -i practice2p1key root@172.16.9.185
/usr/bin/ssh-copy-id: INFO: Source of key(s) to be installed: "practice2p1key.pub"
/usr/bin/ssh-copy-id: INFO: attempting to log in with the new key(s), to filter out any that are already installed
/usr/bin/ssh-copy-id: INFO: 1 key(s) remain to be installed -- if you are prompted now it is to install the new keys
root@172.16.9.185's password:

Number of key(s) added: 1

Now try logging into the machine, with:   "ssh 'root@172.16.9.185'"
and check to make sure that only the key(s) you wanted were added.

eltex-pg1-v11@eltex-2025-summer-10:15>ssh root@172.16.9.185
root@172.16.9.185's password:
Welcome to Ubuntu 24.04.2 LTS (GNU/Linux 6.8.0-55-generic x86_64)

 * Documentation:  https://help.ubuntu.com
 * Management:     https://landscape.canonical.com
 * Support:        https://ubuntu.com/pro

 System information as of Sat Jul 12 03:16:14 AM UTC 2025

  System load:  0.0                Processes:              112
  Usage of /:   42.8% of 14.66GB   Users logged in:        0
  Memory usage: 6%                 IPv4 address for ens18: 172.16.9.185
  Swap usage:   0%

 * Strictly confined Kubernetes makes edge and IoT secure. Learn how MicroK8s
   just raised the bar for easy, resilient and secure K8s cluster deployment.

   https://ubuntu.com/engage/secure-kubernetes-at-the-edge

Expanded Security Maintenance for Applications is not enabled.

156 updates can be applied immediately.
102 of these updates are standard security updates.
To see these additional updates run: apt list --upgradable

Enable ESM Apps to receive additional future security updates.
See https://ubuntu.com/esm or run: sudo pro status


Last login: Sat Jul 12 03:03:37 2025 from 172.16.8.4
root@eltex-pracrice2-pg1-v11:~#

eltex-pg1-v11@eltex-2025-summer-10:18>cat practice2p1key.pub
ssh-rsa AAAAB3NzaC1yc2EAAAADAQABAAACAQDLfpQ8zDAtlzJ6W2PtfkJ3ieWG5iK5nRgmftWy4875i/X+yKzpTcxMMCrrZlH0scrS+fy8yPwDkRoWEpA/eOEhGsDC8lui8j4nwGZQuhOdQ/L7PQPB4kZBC4XFVQl+mbZ+VKtmd8sAM8pZHXfsZz7uLqwR9u6XnVHgQofYaF58gAwbDYnvqUW48+k7JDvOkknZOjGYzvB4fQQ3vevormDL5ElOJQaJewTrg7+CWVNLTwbh3eSqbGD0m3zJ9TRBIIofPqouI8hZ7j25XnfLG7VzvRvJ5rMd1Ti9fJZYMYmIeaabmj49b1T4XHCwAoqlP4OMatIOMFISsjQUccjdQfRltBBN72QGF+CU30MW82vBtnWw8DZCTBGkTJA7jAe4ELDazSO/qsHLQlExPiTBizpHxsiCfgFZtib/xQC+HCI6Z1/eGRxj5fRvFDMRAwO6WCXQMNUR+/UjZazPRa/1izI26V/7J6bheMStUzKsyRufABWW1k2KY6ESwPDD4CyEAGIduT+oGwIuNNx+S0ilstbxcybo2iHoAMpUSq31PP/1jzb5sq0v+S6B/RinMPiz8NJyI0PV+QCdqGDgkpRNqfiAxg/0dLAOludAkzEmNV/Hkf67USSee+YJyaqaD0FUced5YBy2ieQwZgLrElnFqljGhBetYyEnNbNqzRzTa7MT1w== eltex-pg1-v11@eltex-2025-summer

root@eltex-practice2-pg1-v11:~# cat ~/.ssh/authorized_keys
ssh-rsa AAAAB3NzaC1yc2EAAAADAQABAAACAQDLfpQ8zDAtlzJ6W2PtfkJ3ieWG5iK5nRgmftWy4875i/X+yKzpTcxMMCrrZlH0scrS+fy8yPwDkRoWEpA/eOEhGsDC8lui8j4nwGZQuhOdQ/L7PQPB4kZBC4XFVQl+mbZ+VKtmd8sAM8pZHXfsZz7uLqwR9u6XnVHgQofYaF58gAwbDYnvqUW48+k7JDvOkknZOjGYzvB4fQQ3vevormDL5ElOJQaJewTrg7+CWVNLTwbh3eSqbGD0m3zJ9TRBIIofPqouI8hZ7j25XnfLG7VzvRvJ5rMd1Ti9fJZYMYmIeaabmj49b1T4XHCwAoqlP4OMatIOMFISsjQUccjdQfRltBBN72QGF+CU30MW82vBtnWw8DZCTBGkTJA7jAe4ELDazSO/qsHLQlExPiTBizpHxsiCfgFZtib/xQC+HCI6Z1/eGRxj5fRvFDMRAwO6WCXQMNUR+/UjZazPRa/1izI26V/7J6bheMStUzKsyRufABWW1k2KY6ESwPDD4CyEAGIduT+oGwIuNNx+S0ilstbxcybo2iHoAMpUSq31PP/1jzb5sq0v+S6B/RinMPiz8NJyI0PV+QCdqGDgkpRNqfiAxg/0dLAOludAkzEmNV/Hkf67USSee+YJyaqaD0FUced5YBy2ieQwZgLrElnFqljGhBetYyEnNbNqzRzTa7MT1w== eltex-pg1-v11@eltex-2025-summer

eltex-pg1-v11@eltex-2025-summer-10:21>ls -la practice2p1key.pub
-rw-r--r-- 1 eltex-pg1-v11 eltex-pg1-v11 757 Jul 12 10:13 practice2p1key.pub

root@eltex-practice2-pg1-v11:~# ls -la ~/.ssh/authorized_keys
-rw------- 1 root root 757 Jul 12 03:15 /root/.ssh/authorized_keys

root@eltex-practice2-pg1-v11:~# useradd -m -s /bin/bash user1
root@eltex-practice2-pg1-v11:~# passwd user1
New password: 
Retype new password: 
passwd: password updated successfully

root@eltex-practice2-pg1-v11:~# adduser user2
info: Adding user `user2' ...
info: Selecting UID/GID from range 1000 to 59999 ...
info: Adding new group `user2' (1002) ...
info: Adding new user `user2' (1002) with group `user2 (1002)' ...
info: Creating home directory `/home/user2' ...
info: Copying files from `/etc/skel' ...
New password:
Retype new password:
passwd: password updated successfully
Changing the user information for user2
Enter the new value, or press ENTER for the default
        Full Name []:
        Room Number []: 
        Work Phone []: 
        Home Phone []:
        Other []:
Is the information correct? [Y/n] 
info: Adding new user `user2' to supplemental / extra groups `users' ...
info: Adding user `user2' to group `users' ...

root@eltex-practice2-pg1-v11:~# adduser user3
info: Adding user `user3' ...
info: Selecting UID/GID from range 1000 to 59999 ...
info: Adding new group `user3' (1003) ...
info: Adding new user `user3' (1003) with group `user3 (1003)' ...
info: Creating home directory `/home/user3' ...
info: Copying files from `/etc/skel' ...
New password:
Retype new password:
passwd: password updated successfully
Changing the user information for user3
Enter the new value, or press ENTER for the default
        Full Name []:
        Room Number []: 
        Work Phone []: 
        Home Phone []:
        Other []:
Is the information correct? [Y/n] 
info: Adding new user `user3' to supplemental / extra groups `users' ...
info: Adding user `user3' to group `users' ...

root@eltex-practice2-pg1-v11:~# usermod -s /usr/sbin/nologin user3 

root@eltex-practice2-pg1-v11:~# su - user3
This account is currently not available.

root@eltex-practice2-pg1-v11:~# su - user3 -s /bin/bash
user3@eltex-practice2-pg1-v11:~$ logout
root@eltex-practice2-pg1-v11:~#

root@eltex-practice2-pg1-v11:~# groupadd p2group
root@eltex-practice2-pg1-v11:~# usermod -aG p2group user1
root@eltex-practice2-pg1-v11:~# usermod -aG p2group user2
root@eltex-practice2-pg1-v11:~# usermod -aG p2group user3

root@eltex-practice2-pg1-v11:~# groups user1 user2 user3
user1 : user1 p2group
user2 : user2 users p2group
user3 : user3 users p2group

root@eltex-practice2-pg1-v11:~# mkdir /opt/share
root@eltex-practice2-pg1-v11:~# chown :p2group /opt/share
root@eltex-practice2-pg1-v11:~# chmod g+rwxs /opt/share
root@eltex-practice2-pg1-v11:~# ls -ld /opt/share
drwxrwsr-x 2 root p2group 4096 Jul 12 05:36 /opt/share

root@eltex-practice2-pg1-v11:~# echo "umask 006" >> /home/user1/.profile
root@eltex-practice2-pg1-v11:~# su - user1 -c umask
0006

root@eltex-practice2-pg1-v11:~# su - user1 -c "touch /opt/share/user1_file"
root@eltex-practice2-pg1-v11:~# su - user2 -c "touch /opt/share/user2_file"
root@eltex-practice2-pg1-v11:~# su - user3 -s /bin/bash -c "touch /opt/share/user3_file"
root@eltex-practice2-pg1-v11:~# ls -la /opt/share
total 8
drwxrwsr-x 2 root  p2group 4096 Jul 13 04:57 .
drwxr-xr-x 3 root  root    4096 Jul 12 05:36 ..
-rw-rw---- 1 user1 p2group    0 Jul 13 04:57 user1_file
-rw-rw-r-- 1 user2 p2group    0 Jul 13 04:57 user2_file
-rw-rw-r-- 1 user3 p2group    0 Jul 13 04:57 user3_file

root@eltex-practice2-pg1-v11:~# su - user1 -c "rm /opt/share/user2_file  /opt/share/user3_file"
root@eltex-practice2-pg1-v11:~# ls -la /opt/share
total 8
drwxrwsr-x 2 root  p2group 4096 Jul 13 05:00 .
drwxr-xr-x 3 root  root    4096 Jul 12 05:36 ..
-rw-rw---- 1 user1 p2group    0 Jul 13 04:57 user1_file

root@eltex-practice2-pg1-v11:~# su - user2 -c "touch /opt/share/user2_file"
root@eltex-practice2-pg1-v11:~# su - user3 -s /bin/bash -c "touch /opt/share/user3_file"

root@eltex-practice2-pg1-v11:~# su - user2 -c "rm /opt/share/user1_file /opt/share/user3_file"
root@eltex-practice2-pg1-v11:~# ls -la /opt/share
total 8
drwxrwsr-x 2 root  p2group 4096 Jul 13 05:03 .
drwxr-xr-x 3 root  root    4096 Jul 12 05:36 ..
-rw-rw-r-- 1 user2 p2group    0 Jul 13 05:02 user2_file

root@eltex-practice2-pg1-v11:~# su - user1 -c "touch /opt/share/user1_file"
root@eltex-practice2-pg1-v11:~# su - user3 -s /bin/bash -c "touch /opt/share/user3_file"

root@eltex-practice2-pg1-v11:~# su - user3 -s /bin/bash -c "rm /opt/share/user1_file /opt/share/user2_file"
root@eltex-practice2-pg1-v11:~# ls -la /opt/share
total 8
drwxrwsr-x 2 root  p2group 4096 Jul 13 05:04 .
drwxr-xr-x 3 root  root    4096 Jul 12 05:36 ..
-rw-rw-r-- 1 user3 p2group    0 Jul 13 05:04 user3_file

root@eltex-practice2-pg1-v11:~# chmod +t /opt/share
root@eltex-practice2-pg1-v11:~# ls -ld /opt/share
drwxrwsr-t 2 root p2group 4096 Jul 13 05:04 /opt/share

root@eltex-practice2-pg1-v11:~# su - user1 -c "rm /opt/share/user2_file /opt/share/user3_file"
rm: cannot remove '/opt/share/user2_file': Operation not permitted
rm: cannot remove '/opt/share/user3_file': Operation not permitted

root@eltex-practice2-pg1-v11:~# su - user1 -c "rm /opt/share/user2_file /opt/share/user3_file"
rm: cannot remove '/opt/share/user2_file': Operation not permitted
rm: cannot remove '/opt/share/user3_file': Operation not permitted

root@eltex-practice2-pg1-v11:~# su - user3 -s /bin/bash -c "rm /opt/share/user1_file /opt/share/user2_file"
rm: cannot remove '/opt/share/user1_file': Operation not permitted
rm: cannot remove '/opt/share/user2_file': Operation not permitted

root@eltex-practice2-pg1-v11:~# echo "user1 ALL=(ALL) /usr/bin/dmesg" >> /etc/sudoers
root@eltex-practice2-pg1-v11:~# su - user1 -c "sudo -S dmesg"

root@eltex-practice2-pg1-v11:~# echo -e '#!/bin/bash\n/usr/bin/dmesg' > /usr/local/bin/dmesg_user2.sh
root@eltex-practice2-pg1-v11:~# chmod 4755 /usr/local/bin/dmesg_user2.sh

root@eltex-practice2-pg1-v11:~# echo -e '#!/bin/bash\n/usr/bin/dmesg' > /usr/local/bin/dmesg_user2
root@eltex-practice2-pg1-v11:~# chown root:root /usr/local/bin/dmesg_user2
root@eltex-practice2-pg1-v11:~# chmod 4755 /usr/local/bin/dmesg_user2
root@eltex-practice2-pg1-v11:~# su - user2 -c "sh /usr/local/bin/dmesg_user2"
dmesg: read kernel buffer failed: Operation not permitted

root@eltex-practice2-pg1-v11:~# chage -M 10 user1
root@eltex-practice2-pg1-v11:~# chage -M 10 user2
root@eltex-practice2-pg1-v11:~# chage -M 10 user3

root@eltex-practice2-pg1-v11:~# echo "Шведунов Антон" > /etc/motd

root@eltex-practice2-pg1-v11:~# rsync -a /etc/ /root/etc_backup

root@eltex-practice2-pg1-v11:~# tar -czf etc_backup.tar.gz -C . etc_backup
root@eltex-practice2-pg1-v11:~# tar -cjf etc_backup.tar.bz2 -C . etc_backup
root@eltex-practice2-pg1-v11:~# 7z a etc_backup.7z etc_backup

root@eltex-practice2-pg1-v11:~# ls -lh
total 5.6M
drwxr-xr-x 109 root root 4.0K Jul 13 06:28 etc_backup
-rw-r--r--   1 root root 4.5M Jul 13 08:40 etc_backup.7z
-rw-r--r--   1 root root 549K Jul 13 07:43 etc_backup.tar.bz2
-rw-r--r--   1 root root 583K Jul 13 07:41 etc_backup.tar.gz

root@eltex-practice2-pg1-v11:~# date >> /etc/modt

root@eltex-practice2-pg1-v11:~# rsync -a /etc/ /root/etc_backup/

root@eltex-practice2-pg1-v11:~# tar -czf etc_backup.tar.gz -C . etc_backup

root@eltex-practice2-pg1-v11:~# diff -r etc_backup/ etc_backup_bz2/etc_backup/
Only in etc_backup/: modt
diff: etc_backup/mtab: No such file or directory
diff: etc_backup_bz2/etc_backup/mtab: No such file or directory
diff: etc_backup/os-release: No such file or directory
diff: etc_backup_bz2/etc_backup/os-release: No such file or directory
diff: etc_backup/resolv.conf: No such file or directory
diff: etc_backup_bz2/etc_backup/resolv.conf: No such file or directory

root@eltex-practice2-pg1-v11:~# mkdir etc_backup_gzip etc_backup_7z
root@eltex-practice2-pg1-v11:~# tar -xzf etc_backup.tar.gz -C etc_backup_gzip
root@eltex-practice2-pg1-v11:~# 7z x /root/etc_backup.7z -o/root/etc_backup_7zip

7-Zip 23.01 (x64) : Copyright (c) 1999-2023 Igor Pavlov : 2023-06-20
 64-bit locale=en_US.UTF-8 Threads:2 OPEN_MAX:1024

Scanning the drive for archives:
1 file, 4678563 bytes (4569 KiB)

Extracting archive: /root/etc_backup.7z
--
Path = /root/etc_backup.7z
Type = 7z
Physical Size = 4678563
Headers Size = 20761
Method = LZMA2:24 BCJ
Solid = +
Blocks = 2

Everything is Ok

Folders: 244
Files: 1507
Size:       38702293
Compressed: 4678563

root@eltex-practice2-pg1-v11:~# diff -r etc_backup_7zip etc_backup_gzip
Only in etc_backup_gzip/etc_backup: modt
Only in etc_backup_gzip/etc_backup: mtab
Only in etc_backup_gzip/etc_backup: os-release
Only in etc_backup_gzip/etc_backup: resolv.conf
File etc_backup_7zip/etc_backup/systemd/system-generators/systemd-gpt-auto-generator is a regular empty file while file etc_backup_gzip/etc_backup/systemd/system-generators/systemd-gpt-auto-generator is a character special file

root@eltex-practice2-pg1-v11:~# diff etc_backup_gzip/etc_backup/motd etc_backup_7zip/etc_backup/motd
root@eltex-practice2-pg1-v11:~# 

