touch "${USER}_part3.log"
mkdir -p D1/D2/D3
touch D1/D2/file.txt
echo "random text" > D1/D2/file.txt
ln -s D1/D2/file.txt D1/D2/D3/symlink.txt
ln D1/D2/file.txt D1/D2/D3/hardlink.txt
ls -li D1/D2/file.txt D1/D2/D3/*
131164 -rw-r--r-- 2 eltex-pg1-v11 eltex-pg1-v11 12 Jul 11 16:16 D1/D2/D3/hardlink.txt
131165 lrwxrwxrwx 1 eltex-pg1-v11 eltex-pg1-v11 14 Jul 11 16:18 D1/D2/D3/symlink.txt -> D1/D2/file.txt
131164 -rw-r--r-- 2 eltex-pg1-v11 eltex-pg1-v11 12 Jul 11 16:16 D1/D2/file.txt
mv D1/D2/file.txt D1/
cat D1/D2/D3/symlink.txt
cat D1/D2/D3/hardlink.txt
rm -r D1/D2
find / -type f -size +20M 2>/dev/null | tee eltex-pg1-v11_part3_gt50M.log 
du -h /usr/bin/x86_64-linux-gnu-lto-dump-12
/usr/lib/gcc/x86_64-linux-gnu/12/lto1
/usr/lib/gcc/x86_64-linux-gnu/12/cc1
/usr/lib/x86_64-linux-gnu/libicudata.so.72.1
/proc/kcore
/boot/initrd.img-6.1.0-31-amd64
/boot/initrd.img-6.1.0-32-amd64
/boot/initrd.img-6.1.0-27-amd64
/var/cache/apt/srcpkgcache.bin
/var/cache/apt/pkgcache.bin
/var/lib/apt/lists/deb.debian.org_debian_dists_bookworm_main_binary-amd64_Packages
/var/lib/apt/lists/deb.debian.org_debian_dists_bookworm_main_source_Sources
/var/lib/apt/lists/deb.debian.org_debian_dists_bookworm_main_i18n_Translation-en
find ~ -type f -mtime -1
which find
file $(which find)
file /boot/initrd.img
